<?xml version="1.0" encoding="UTF-8"?>
<testsuite xmlns:xsi="http://www.w3.org/2001/XMLSchema-instance" xsi:noNamespaceSchemaLocation="https://maven.apache.org/surefire/maven-surefire-plugin/xsd/surefire-test-report.xsd" name="com.ttn.support.it.TicketStatusTransitionIntegrationTest" time="1.734" tests="11" errors="0" skipped="0" failures="0">
  <properties>
[...]
</properties>
  <testcase name="invalidTransitionsAreRejectedWithoutMutation{String, String}[1]" classname="com.ttn.support.it.TicketStatusTransitionIntegrationTest" time="0.13"/>
  <testcase name="invalidTransitionsAreRejectedWithoutMutation{String, String}[2]" classname="com.ttn.support.it.TicketStatusTransitionIntegrationTest" time="0.011"/>
  <testcase name="invalidTransitionsAreRejectedWithoutMutation{String, String}[3]" classname="com.ttn.support.it.TicketStatusTransitionIntegrationTest" time="0.009"/>
  <testcase name="invalidTransitionsAreRejectedWithoutMutation{String, String}[4]" classname="com.ttn.support.it.TicketStatusTransitionIntegrationTest" time="0.006"/>
  <testcase name="invalidTransitionsAreRejectedWithoutMutation{String, String}[5]" classname="com.ttn.support.it.TicketStatusTransitionIntegrationTest" time="0.005"/>
  <testcase name="invalidTransitionsAreRejectedWithoutMutation{String, String}[6]" classname="com.ttn.support.it.TicketStatusTransitionIntegrationTest" time="0.005"/>
  <testcase name="validTransitionsPersistNewStatus{String, String}[1]" classname="com.ttn.support.it.TicketStatusTransitionIntegrationTest" time="0.005"/>
  <testcase name="validTransitionsPersistNewStatus{String, String}[2]" classname="com.ttn.support.it.TicketStatusTransitionIntegrationTest" time="0.005"/>
  <testcase name="validTransitionsPersistNewStatus{String, String}[3]" classname="com.ttn.support.it.TicketStatusTransitionIntegrationTest" time="0.005"/>
  <testcase name="validTransitionsPersistNewStatus{String, String}[4]" classname="com.ttn.support.it.TicketStatusTransitionIntegrationTest" time="0.009"/>
  <testcase name="validTransitionsPersistNewStatus{String, String}[5]" classname="com.ttn.support.it.TicketStatusTransitionIntegrationTest" time="0.008"/>
</testsuite>